mode: atomic
github.com/brigadecore/brigade-github-app/v2/pkg/github/client.go:18.27,28.2 1 1
github.com/brigadecore/brigade-github-app/v2/pkg/github/client.go:38.27,49.2 1 1
github.com/brigadecore/brigade-github-app/v2/pkg/github/client.go:63.27,71.16 2 0
github.com/brigadecore/brigade-github-app/v2/pkg/github/client.go:74.2,83.3 1 0
github.com/brigadecore/brigade-github-app/v2/pkg/github/client.go:71.16,73.3 1 0
github.com/brigadecore/brigade-github-app/v2/pkg/github/client.go:93.27,95.19 2 2
github.com/brigadecore/brigade-github-app/v2/pkg/github/client.go:98.2,98.67 1 2
github.com/brigadecore/brigade-github-app/v2/pkg/github/client.go:95.19,97.3 1 0
github.com/brigadecore/brigade-github-app/v2/pkg/github/installation_token.go:24.30,28.16 2 0
github.com/brigadecore/brigade-github-app/v2/pkg/github/installation_token.go:31.2,32.16 2 0
github.com/brigadecore/brigade-github-app/v2/pkg/github/installation_token.go:35.2,40.16 2 0
github.com/brigadecore/brigade-github-app/v2/pkg/github/installation_token.go:43.2,43.76 1 0
github.com/brigadecore/brigade-github-app/v2/pkg/github/installation_token.go:28.16,30.3 1 0
github.com/brigadecore/brigade-github-app/v2/pkg/github/installation_token.go:32.16,34.3 1 0
github.com/brigadecore/brigade-github-app/v2/pkg/github/installation_token.go:40.16,42.3 1 0
github.com/brigadecore/brigade-github-app/v2/pkg/github/installation_token.go:47.72,49.16 2 0
github.com/brigadecore/brigade-github-app/v2/pkg/github/installation_token.go:52.2,60.21 2 0
github.com/brigadecore/brigade-github-app/v2/pkg/github/installation_token.go:49.16,51.3 1 0
github.com/brigadecore/brigade-github-app/v2/pkg/webhook/crypto.go:10.44,17.2 4 33
github.com/brigadecore/brigade-github-app/v2/pkg/webhook/github.go:56.111,65.2 2 0
github.com/brigadecore/brigade-github-app/v2/pkg/webhook/github.go:70.45,74.27 4 19
github.com/brigadecore/brigade-github-app/v2/pkg/webhook/github.go:82.2,83.19 2 19
github.com/brigadecore/brigade-github-app/v2/pkg/webhook/github.go:91.2,91.19 1 19
github.com/brigadecore/brigade-github-app/v2/pkg/webhook/github.go:74.27,76.61 2 17
github.com/brigadecore/brigade-github-app/v2/pkg/webhook/github.go:76.61,80.4 3 0
github.com/brigadecore/brigade-github-app/v2/pkg/webhook/github.go:83.19,85.17 2 17
github.com/brigadecore/brigade-github-app/v2/pkg/webhook/github.go:85.17,89.4 3 0
github.com/brigadecore/brigade-github-app/v2/pkg/webhook/github.go:92.14,95.9 3 1
github.com/brigadecore/brigade-github-app/v2/pkg/webhook/github.go:102.12,104.9 2 13
github.com/brigadecore/brigade-github-app/v2/pkg/webhook/github.go:106.34,107.43 1 0
github.com/brigadecore/brigade-github-app/v2/pkg/webhook/github.go:108.23,109.50 1 4
github.com/brigadecore/brigade-github-app/v2/pkg/webhook/github.go:110.10,114.9 3 1
github.com/brigadecore/brigade-github-app/v2/pkg/webhook/github.go:127.3,135.27 6 13
github.com/brigadecore/brigade-github-app/v2/pkg/webhook/github.go:199.2,200.16 2 11
github.com/brigadecore/brigade-github-app/v2/pkg/webhook/github.go:208.2,209.75 1 11
github.com/brigadecore/brigade-github-app/v2/pkg/webhook/github.go:220.2,222.52 2 11
github.com/brigadecore/brigade-github-app/v2/pkg/webhook/github.go:136.34,139.39 3 1
github.com/brigadecore/brigade-github-app/v2/pkg/webhook/github.go:140.27,144.23 2 1
github.com/brigadecore/brigade-github-app/v2/pkg/webhook/github.go:145.31,148.34 3 1
github.com/brigadecore/brigade-github-app/v2/pkg/webhook/github.go:149.37,152.34 3 1
github.com/brigadecore/brigade-github-app/v2/pkg/webhook/github.go:153.32,154.33 1 3
github.com/brigadecore/brigade-github-app/v2/pkg/webhook/github.go:158.3,163.72 6 2
github.com/brigadecore/brigade-github-app/v2/pkg/webhook/github.go:164.38,169.72 5 1
github.com/brigadecore/brigade-github-app/v2/pkg/webhook/github.go:170.45,175.72 5 1
github.com/brigadecore/brigade-github-app/v2/pkg/webhook/github.go:176.25,178.21 1 2
github.com/brigadecore/brigade-github-app/v2/pkg/webhook/github.go:182.3,185.23 4 1
github.com/brigadecore/brigade-github-app/v2/pkg/webhook/github.go:186.28,189.35 3 1
github.com/brigadecore/brigade-github-app/v2/pkg/webhook/github.go:190.27,192.33 2 1
github.com/brigadecore/brigade-github-app/v2/pkg/webhook/github.go:193.10,196.9 3 0
github.com/brigadecore/brigade-github-app/v2/pkg/webhook/github.go:154.33,157.4 2 1
github.com/brigadecore/brigade-github-app/v2/pkg/webhook/github.go:178.21,181.4 2 1
github.com/brigadecore/brigade-github-app/v2/pkg/webhook/github.go:200.16,203.3 2 0
github.com/brigadecore/brigade-github-app/v2/pkg/webhook/github.go:209.75,210.56 1 0
github.com/brigadecore/brigade-github-app/v2/pkg/webhook/github.go:210.56,211.28 1 0
github.com/brigadecore/brigade-github-app/v2/pkg/webhook/github.go:214.4,215.10 2 0
github.com/brigadecore/brigade-github-app/v2/pkg/webhook/github.go:211.28,213.5 1 0
github.com/brigadecore/brigade-github-app/v2/pkg/webhook/github.go:234.3,239.27 5 0
github.com/brigadecore/brigade-github-app/v2/pkg/webhook/github.go:282.2,283.16 2 0
github.com/brigadecore/brigade-github-app/v2/pkg/webhook/github.go:288.2,295.16 2 0
github.com/brigadecore/brigade-github-app/v2/pkg/webhook/github.go:300.2,304.16 4 0
github.com/brigadecore/brigade-github-app/v2/pkg/webhook/github.go:308.2,310.52 2 0
github.com/brigadecore/brigade-github-app/v2/pkg/webhook/github.go:240.31,248.32 2 0
github.com/brigadecore/brigade-github-app/v2/pkg/webhook/github.go:254.3,257.41 4 0
github.com/brigadecore/brigade-github-app/v2/pkg/webhook/github.go:259.29,267.21 2 0
github.com/brigadecore/brigade-github-app/v2/pkg/webhook/github.go:271.3,271.32 1 0
github.com/brigadecore/brigade-github-app/v2/pkg/webhook/github.go:276.3,279.50 4 0
github.com/brigadecore/brigade-github-app/v2/pkg/webhook/github.go:248.32,251.4 2 0
github.com/brigadecore/brigade-github-app/v2/pkg/webhook/github.go:267.21,269.4 1 0
github.com/brigadecore/brigade-github-app/v2/pkg/webhook/github.go:271.32,274.4 2 0
github.com/brigadecore/brigade-github-app/v2/pkg/webhook/github.go:283.16,286.3 2 0
github.com/brigadecore/brigade-github-app/v2/pkg/webhook/github.go:295.16,299.3 3 0
github.com/brigadecore/brigade-github-app/v2/pkg/webhook/github.go:304.16,306.3 1 0
github.com/brigadecore/brigade-github-app/v2/pkg/webhook/github.go:327.3,334.27 6 4
github.com/brigadecore/brigade-github-app/v2/pkg/webhook/github.go:345.2,346.16 2 4
github.com/brigadecore/brigade-github-app/v2/pkg/webhook/github.go:351.2,352.16 2 4
github.com/brigadecore/brigade-github-app/v2/pkg/webhook/github.go:374.2,374.19 1 4
github.com/brigadecore/brigade-github-app/v2/pkg/webhook/github.go:378.2,380.52 2 4
github.com/brigadecore/brigade-github-app/v2/pkg/webhook/github.go:335.33,338.30 3 4
github.com/brigadecore/brigade-github-app/v2/pkg/webhook/github.go:339.10,342.9 3 0
github.com/brigadecore/brigade-github-app/v2/pkg/webhook/github.go:346.16,349.3 2 0
github.com/brigadecore/brigade-github-app/v2/pkg/webhook/github.go:352.16,357.48 2 4
github.com/brigadecore/brigade-github-app/v2/pkg/webhook/github.go:357.48,360.33 1 3
github.com/brigadecore/brigade-github-app/v2/pkg/webhook/github.go:360.33,363.79 1 2
github.com/brigadecore/brigade-github-app/v2/pkg/webhook/github.go:363.79,365.6 1 1
github.com/brigadecore/brigade-github-app/v2/pkg/webhook/github.go:365.11,367.6 1 1
github.com/brigadecore/brigade-github-app/v2/pkg/webhook/github.go:374.19,376.3 1 3
github.com/brigadecore/brigade-github-app/v2/pkg/webhook/github.go:388.177,399.16 4 0
github.com/brigadecore/brigade-github-app/v2/pkg/webhook/github.go:405.2,406.16 2 0
github.com/brigadecore/brigade-github-app/v2/pkg/webhook/github.go:413.2,434.16 5 0
github.com/brigadecore/brigade-github-app/v2/pkg/webhook/github.go:438.2,438.21 1 0
github.com/brigadecore/brigade-github-app/v2/pkg/webhook/github.go:399.16,403.3 3 0
github.com/brigadecore/brigade-github-app/v2/pkg/webhook/github.go:406.16,410.3 2 0
github.com/brigadecore/brigade-github-app/v2/pkg/webhook/github.go:434.16,436.3 1 0
github.com/brigadecore/brigade-github-app/v2/pkg/webhook/github.go:443.110,445.16 2 15
github.com/brigadecore/brigade-github-app/v2/pkg/webhook/github.go:450.2,451.24 2 15
github.com/brigadecore/brigade-github-app/v2/pkg/webhook/github.go:454.2,454.24 1 15
github.com/brigadecore/brigade-github-app/v2/pkg/webhook/github.go:459.2,460.73 2 15
github.com/brigadecore/brigade-github-app/v2/pkg/webhook/github.go:464.2,464.18 1 15
github.com/brigadecore/brigade-github-app/v2/pkg/webhook/github.go:445.16,448.3 2 0
github.com/brigadecore/brigade-github-app/v2/pkg/webhook/github.go:451.24,453.3 1 0
github.com/brigadecore/brigade-github-app/v2/pkg/webhook/github.go:454.24,457.3 2 0
github.com/brigadecore/brigade-github-app/v2/pkg/webhook/github.go:460.73,463.3 2 0
github.com/brigadecore/brigade-github-app/v2/pkg/webhook/github.go:469.74,473.16 3 0
github.com/brigadecore/brigade-github-app/v2/pkg/webhook/github.go:477.2,480.16 3 0
github.com/brigadecore/brigade-github-app/v2/pkg/webhook/github.go:485.2,485.21 1 0
github.com/brigadecore/brigade-github-app/v2/pkg/webhook/github.go:473.16,476.3 2 0
github.com/brigadecore/brigade-github-app/v2/pkg/webhook/github.go:480.16,483.3 2 0
github.com/brigadecore/brigade-github-app/v2/pkg/webhook/github.go:498.3,502.18 2 15
github.com/brigadecore/brigade-github-app/v2/pkg/webhook/github.go:502.18,511.3 1 10
github.com/brigadecore/brigade-github-app/v2/pkg/webhook/github.go:515.156,523.16 3 0
github.com/brigadecore/brigade-github-app/v2/pkg/webhook/github.go:528.2,529.28 2 0
github.com/brigadecore/brigade-github-app/v2/pkg/webhook/github.go:533.2,536.16 3 0
github.com/brigadecore/brigade-github-app/v2/pkg/webhook/github.go:540.2,540.38 1 0
github.com/brigadecore/brigade-github-app/v2/pkg/webhook/github.go:545.2,545.25 1 0
github.com/brigadecore/brigade-github-app/v2/pkg/webhook/github.go:523.16,526.3 2 0
github.com/brigadecore/brigade-github-app/v2/pkg/webhook/github.go:529.28,532.3 2 0
github.com/brigadecore/brigade-github-app/v2/pkg/webhook/github.go:536.16,539.3 2 0
github.com/brigadecore/brigade-github-app/v2/pkg/webhook/github.go:540.38,543.3 2 0
github.com/brigadecore/brigade-github-app/v2/pkg/webhook/github.go:562.112,576.16 7 0
github.com/brigadecore/brigade-github-app/v2/pkg/webhook/github.go:581.2,582.28 2 0
github.com/brigadecore/brigade-github-app/v2/pkg/webhook/github.go:586.2,594.16 5 0
github.com/brigadecore/brigade-github-app/v2/pkg/webhook/github.go:618.2,622.12 3 0
github.com/brigadecore/brigade-github-app/v2/pkg/webhook/github.go:576.16,579.3 2 0
github.com/brigadecore/brigade-github-app/v2/pkg/webhook/github.go:582.28,585.3 2 0
github.com/brigadecore/brigade-github-app/v2/pkg/webhook/github.go:594.16,598.28 2 0
github.com/brigadecore/brigade-github-app/v2/pkg/webhook/github.go:602.3,606.39 3 0
github.com/brigadecore/brigade-github-app/v2/pkg/webhook/github.go:615.3,615.13 1 0
github.com/brigadecore/brigade-github-app/v2/pkg/webhook/github.go:598.28,600.4 1 0
github.com/brigadecore/brigade-github-app/v2/pkg/webhook/github.go:606.39,609.18 3 0
github.com/brigadecore/brigade-github-app/v2/pkg/webhook/github.go:609.18,611.5 1 0
github.com/brigadecore/brigade-github-app/v2/pkg/webhook/github.go:612.9,614.4 1 0
github.com/brigadecore/brigade-github-app/v2/pkg/webhook/github.go:627.76,634.88 2 3
github.com/brigadecore/brigade-github-app/v2/pkg/webhook/github.go:638.2,638.23 1 2
github.com/brigadecore/brigade-github-app/v2/pkg/webhook/github.go:642.2,643.14 2 0
github.com/brigadecore/brigade-github-app/v2/pkg/webhook/github.go:634.88,637.3 2 1
github.com/brigadecore/brigade-github-app/v2/pkg/webhook/github.go:639.77,640.14 1 2
github.com/brigadecore/brigade-github-app/v2/pkg/webhook/github.go:648.58,649.37 1 3
github.com/brigadecore/brigade-github-app/v2/pkg/webhook/github.go:654.2,654.14 1 2
github.com/brigadecore/brigade-github-app/v2/pkg/webhook/github.go:649.37,650.18 1 3
github.com/brigadecore/brigade-github-app/v2/pkg/webhook/github.go:650.18,652.4 1 1
github.com/brigadecore/brigade-github-app/v2/pkg/webhook/github.go:657.56,659.53 2 31
github.com/brigadecore/brigade-github-app/v2/pkg/webhook/github.go:665.2,665.14 1 1
github.com/brigadecore/brigade-github-app/v2/pkg/webhook/github.go:659.53,661.25 1 31
github.com/brigadecore/brigade-github-app/v2/pkg/webhook/github.go:661.25,663.4 1 30
github.com/brigadecore/brigade-github-app/v2/pkg/webhook/github.go:676.9,677.30 1 25
github.com/brigadecore/brigade-github-app/v2/pkg/webhook/github.go:680.2,689.31 2 25
github.com/brigadecore/brigade-github-app/v2/pkg/webhook/github.go:677.30,679.3 1 0
github.com/brigadecore/brigade-github-app/v2/pkg/webhook/github.go:693.75,695.69 2 15
github.com/brigadecore/brigade-github-app/v2/pkg/webhook/github.go:699.2,699.12 1 15
github.com/brigadecore/brigade-github-app/v2/pkg/webhook/github.go:695.69,698.3 2 0
github.com/brigadecore/brigade-github-app/v2/pkg/webhook/github.go:702.68,704.32 2 1
github.com/brigadecore/brigade-github-app/v2/pkg/webhook/github.go:715.2,715.30 1 1
github.com/brigadecore/brigade-github-app/v2/pkg/webhook/github.go:704.32,706.72 1 1
github.com/brigadecore/brigade-github-app/v2/pkg/webhook/github.go:706.72,709.4 2 1
github.com/brigadecore/brigade-github-app/v2/pkg/webhook/github.go:709.9,710.69 1 0
github.com/brigadecore/brigade-github-app/v2/pkg/webhook/github.go:710.69,713.4 2 0
github.com/brigadecore/brigade-github-app/v2/pkg/webhook/github.go:718.63,720.41 2 4
github.com/brigadecore/brigade-github-app/v2/pkg/webhook/github.go:726.2,726.30 1 4
github.com/brigadecore/brigade-github-app/v2/pkg/webhook/github.go:720.41,722.25 2 4
github.com/brigadecore/brigade-github-app/v2/pkg/webhook/github.go:722.25,724.4 1 4
github.com/brigadecore/brigade-github-app/v2/pkg/webhook/github.go:729.63,731.35 2 4
github.com/brigadecore/brigade-github-app/v2/pkg/webhook/github.go:737.2,737.30 1 4
github.com/brigadecore/brigade-github-app/v2/pkg/webhook/github.go:731.35,733.22 2 4
github.com/brigadecore/brigade-github-app/v2/pkg/webhook/github.go:733.22,735.4 1 4
github.com/brigadecore/brigade-github-app/v2/gateway/server.go:38.13,46.2 7 1
github.com/brigadecore/brigade-github-app/v2/gateway/server.go:48.13,51.23 2 0
github.com/brigadecore/brigade-github-app/v2/gateway/server.go:56.2,57.16 2 0
github.com/brigadecore/brigade-github-app/v2/gateway/server.go:62.2,62.30 1 0
github.com/brigadecore/brigade-github-app/v2/gateway/server.go:70.2,70.29 1 0
github.com/brigadecore/brigade-github-app/v2/gateway/server.go:74.2,74.29 1 0
github.com/brigadecore/brigade-github-app/v2/gateway/server.go:82.2,82.54 1 0
github.com/brigadecore/brigade-github-app/v2/gateway/server.go:96.2,96.51 1 0
github.com/brigadecore/brigade-github-app/v2/gateway/server.go:109.2,117.16 3 0
github.com/brigadecore/brigade-github-app/v2/gateway/server.go:121.2,127.2 5 0
github.com/brigadecore/brigade-github-app/v2/gateway/server.go:133.2,136.34 3 0
github.com/brigadecore/brigade-github-app/v2/gateway/server.go:51.23,54.3 2 0
github.com/brigadecore/brigade-github-app/v2/gateway/server.go:57.16,60.3 2 0
github.com/brigadecore/brigade-github-app/v2/gateway/server.go:62.30,63.52 1 0
github.com/brigadecore/brigade-github-app/v2/gateway/server.go:63.52,65.4 1 0
github.com/brigadecore/brigade-github-app/v2/gateway/server.go:65.9,67.4 1 0
github.com/brigadecore/brigade-github-app/v2/gateway/server.go:70.29,72.3 1 0
github.com/brigadecore/brigade-github-app/v2/gateway/server.go:74.29,75.51 1 0
github.com/brigadecore/brigade-github-app/v2/gateway/server.go:75.51,77.4 1 0
github.com/brigadecore/brigade-github-app/v2/gateway/server.go:77.9,79.4 1 0
github.com/brigadecore/brigade-github-app/v2/gateway/server.go:82.54,84.10 2 0
github.com/brigadecore/brigade-github-app/v2/gateway/server.go:88.3,89.17 2 0
github.com/brigadecore/brigade-github-app/v2/gateway/server.go:93.3,93.17 1 0
github.com/brigadecore/brigade-github-app/v2/gateway/server.go:84.10,86.4 1 0
github.com/brigadecore/brigade-github-app/v2/gateway/server.go:89.17,91.4 1 0
github.com/brigadecore/brigade-github-app/v2/gateway/server.go:96.51,98.10 2 0
github.com/brigadecore/brigade-github-app/v2/gateway/server.go:102.3,103.17 2 0
github.com/brigadecore/brigade-github-app/v2/gateway/server.go:106.3,106.17 1 0
github.com/brigadecore/brigade-github-app/v2/gateway/server.go:98.10,100.4 1 0
github.com/brigadecore/brigade-github-app/v2/gateway/server.go:103.17,105.4 1 0
github.com/brigadecore/brigade-github-app/v2/gateway/server.go:117.16,119.3 1 0
github.com/brigadecore/brigade-github-app/v2/gateway/server.go:127.2,131.3 3 0
github.com/brigadecore/brigade-github-app/v2/gateway/server.go:139.32,140.53 1 1
github.com/brigadecore/brigade-github-app/v2/gateway/server.go:143.2,143.28 1 1
github.com/brigadecore/brigade-github-app/v2/gateway/server.go:140.53,142.3 1 0
github.com/brigadecore/brigade-github-app/v2/gateway/server.go:146.34,147.58 1 1
github.com/brigadecore/brigade-github-app/v2/gateway/server.go:150.2,150.15 1 1
github.com/brigadecore/brigade-github-app/v2/gateway/server.go:147.58,149.3 1 0
github.com/brigadecore/brigade-github-app/v2/gateway/server.go:153.30,155.2 1 0
github.com/brigadecore/brigade-github-app/v2/gateway/server.go:159.43,160.47 1 1
github.com/brigadecore/brigade-github-app/v2/gateway/server.go:163.2,163.12 1 1
github.com/brigadecore/brigade-github-app/v2/gateway/server.go:160.47,162.3 1 3
github.com/brigadecore/brigade-github-app/v2/gateway/server.go:166.35,168.2 1 2
github.com/brigadecore/brigade-github-app/v2/gateway/server.go:172.42,173.47 1 0
github.com/brigadecore/brigade-github-app/v2/gateway/server.go:176.2,176.12 1 0
github.com/brigadecore/brigade-github-app/v2/gateway/server.go:173.47,175.3 1 0
github.com/brigadecore/brigade-github-app/v2/gateway/server.go:179.34,181.2 1 1
