mode: atomic
github.com/brigadecore/brigade-github-app/v2/internal/os/os.go:11.50,13.15 2 2
github.com/brigadecore/brigade-github-app/v2/internal/os/os.go:16.2,16.12 1 1
github.com/brigadecore/brigade-github-app/v2/internal/os/os.go:13.15,15.3 1 1
github.com/brigadecore/brigade-github-app/v2/internal/os/os.go:19.53,21.15 2 2
github.com/brigadecore/brigade-github-app/v2/internal/os/os.go:27.2,27.17 1 1
github.com/brigadecore/brigade-github-app/v2/internal/os/os.go:21.15,26.3 1 1
github.com/brigadecore/brigade-github-app/v2/internal/os/os.go:30.67,32.18 2 3
github.com/brigadecore/brigade-github-app/v2/internal/os/os.go:35.2,36.16 2 2
github.com/brigadecore/brigade-github-app/v2/internal/os/os.go:43.2,43.17 1 1
github.com/brigadecore/brigade-github-app/v2/internal/os/os.go:32.18,34.3 1 1
github.com/brigadecore/brigade-github-app/v2/internal/os/os.go:36.16,42.3 1 1
github.com/brigadecore/brigade-github-app/v2/internal/os/os.go:46.70,48.18 2 3
github.com/brigadecore/brigade-github-app/v2/internal/os/os.go:51.2,52.16 2 2
github.com/brigadecore/brigade-github-app/v2/internal/os/os.go:59.2,59.17 1 1
github.com/brigadecore/brigade-github-app/v2/internal/os/os.go:48.18,50.3 1 1
github.com/brigadecore/brigade-github-app/v2/internal/os/os.go:52.16,58.3 1 1
github.com/brigadecore/brigade-github-app/v2/internal/os/os.go:65.26,67.18 2 3
github.com/brigadecore/brigade-github-app/v2/internal/os/os.go:70.2,71.16 2 2
github.com/brigadecore/brigade-github-app/v2/internal/os/os.go:78.2,78.17 1 1
github.com/brigadecore/brigade-github-app/v2/internal/os/os.go:67.18,69.3 1 1
github.com/brigadecore/brigade-github-app/v2/internal/os/os.go:71.16,77.3 1 1
github.com/brigadecore/brigade-github-app/v2/internal/github/client.go:18.27,28.2 1 1
github.com/brigadecore/brigade-github-app/v2/internal/github/client.go:38.27,49.2 1 1
github.com/brigadecore/brigade-github-app/v2/internal/github/client.go:63.27,71.16 2 0
github.com/brigadecore/brigade-github-app/v2/internal/github/client.go:74.2,83.3 1 0
github.com/brigadecore/brigade-github-app/v2/internal/github/client.go:71.16,73.3 1 0
github.com/brigadecore/brigade-github-app/v2/internal/github/client.go:93.27,95.19 2 2
github.com/brigadecore/brigade-github-app/v2/internal/github/client.go:98.2,98.67 1 2
github.com/brigadecore/brigade-github-app/v2/internal/github/client.go:95.19,97.3 1 0
github.com/brigadecore/brigade-github-app/v2/internal/github/installation_token.go:24.30,28.16 2 0
github.com/brigadecore/brigade-github-app/v2/internal/github/installation_token.go:31.2,32.16 2 0
github.com/brigadecore/brigade-github-app/v2/internal/github/installation_token.go:35.2,40.16 2 0
github.com/brigadecore/brigade-github-app/v2/internal/github/installation_token.go:43.2,43.76 1 0
github.com/brigadecore/brigade-github-app/v2/internal/github/installation_token.go:28.16,30.3 1 0
github.com/brigadecore/brigade-github-app/v2/internal/github/installation_token.go:32.16,34.3 1 0
github.com/brigadecore/brigade-github-app/v2/internal/github/installation_token.go:40.16,42.3 1 0
github.com/brigadecore/brigade-github-app/v2/internal/github/installation_token.go:47.72,49.16 2 0
github.com/brigadecore/brigade-github-app/v2/internal/github/installation_token.go:52.2,60.21 2 0
github.com/brigadecore/brigade-github-app/v2/internal/github/installation_token.go:49.16,51.3 1 0
github.com/brigadecore/brigade-github-app/v2/internal/version/version.go:12.23,14.2 1 1
github.com/brigadecore/brigade-github-app/v2/internal/version/version.go:17.22,19.2 1 1
github.com/brigadecore/brigade-github-app/v2/internal/webhook/crypto.go:10.44,17.2 4 33
github.com/brigadecore/brigade-github-app/v2/internal/webhook/github.go:64.19,74.2 2 0
github.com/brigadecore/brigade-github-app/v2/internal/webhook/github.go:79.45,83.27 4 19
github.com/brigadecore/brigade-github-app/v2/internal/webhook/github.go:91.2,92.19 2 19
github.com/brigadecore/brigade-github-app/v2/internal/webhook/github.go:100.2,100.19 1 19
github.com/brigadecore/brigade-github-app/v2/internal/webhook/github.go:83.27,85.61 2 17
github.com/brigadecore/brigade-github-app/v2/internal/webhook/github.go:85.61,89.4 3 0
github.com/brigadecore/brigade-github-app/v2/internal/webhook/github.go:92.19,94.17 2 17
github.com/brigadecore/brigade-github-app/v2/internal/webhook/github.go:94.17,98.4 3 0
github.com/brigadecore/brigade-github-app/v2/internal/webhook/github.go:101.14,104.9 3 1
github.com/brigadecore/brigade-github-app/v2/internal/webhook/github.go:111.12,113.9 2 13
github.com/brigadecore/brigade-github-app/v2/internal/webhook/github.go:115.34,116.43 1 0
github.com/brigadecore/brigade-github-app/v2/internal/webhook/github.go:117.23,118.50 1 4
github.com/brigadecore/brigade-github-app/v2/internal/webhook/github.go:119.10,123.9 3 1
github.com/brigadecore/brigade-github-app/v2/internal/webhook/github.go:136.3,144.27 6 13
github.com/brigadecore/brigade-github-app/v2/internal/webhook/github.go:208.2,209.16 2 11
github.com/brigadecore/brigade-github-app/v2/internal/webhook/github.go:217.2,218.75 1 11
github.com/brigadecore/brigade-github-app/v2/internal/webhook/github.go:229.2,231.52 2 11
github.com/brigadecore/brigade-github-app/v2/internal/webhook/github.go:145.34,148.39 3 1
github.com/brigadecore/brigade-github-app/v2/internal/webhook/github.go:149.27,153.23 2 1
github.com/brigadecore/brigade-github-app/v2/internal/webhook/github.go:154.31,157.34 3 1
github.com/brigadecore/brigade-github-app/v2/internal/webhook/github.go:158.37,161.34 3 1
github.com/brigadecore/brigade-github-app/v2/internal/webhook/github.go:162.32,163.33 1 3
github.com/brigadecore/brigade-github-app/v2/internal/webhook/github.go:167.3,172.72 6 2
github.com/brigadecore/brigade-github-app/v2/internal/webhook/github.go:173.38,178.72 5 1
github.com/brigadecore/brigade-github-app/v2/internal/webhook/github.go:179.45,184.72 5 1
github.com/brigadecore/brigade-github-app/v2/internal/webhook/github.go:185.25,187.21 1 2
github.com/brigadecore/brigade-github-app/v2/internal/webhook/github.go:191.3,194.23 4 1
github.com/brigadecore/brigade-github-app/v2/internal/webhook/github.go:195.28,198.35 3 1
github.com/brigadecore/brigade-github-app/v2/internal/webhook/github.go:199.27,201.33 2 1
github.com/brigadecore/brigade-github-app/v2/internal/webhook/github.go:202.10,205.9 3 0
github.com/brigadecore/brigade-github-app/v2/internal/webhook/github.go:163.33,166.4 2 1
github.com/brigadecore/brigade-github-app/v2/internal/webhook/github.go:187.21,190.4 2 1
github.com/brigadecore/brigade-github-app/v2/internal/webhook/github.go:209.16,212.3 2 0
github.com/brigadecore/brigade-github-app/v2/internal/webhook/github.go:218.75,219.56 1 0
github.com/brigadecore/brigade-github-app/v2/internal/webhook/github.go:219.56,220.28 1 0
github.com/brigadecore/brigade-github-app/v2/internal/webhook/github.go:223.4,224.10 2 0
github.com/brigadecore/brigade-github-app/v2/internal/webhook/github.go:220.28,222.5 1 0
github.com/brigadecore/brigade-github-app/v2/internal/webhook/github.go:243.3,248.27 5 0
github.com/brigadecore/brigade-github-app/v2/internal/webhook/github.go:291.2,292.16 2 0
github.com/brigadecore/brigade-github-app/v2/internal/webhook/github.go:297.2,304.16 2 0
github.com/brigadecore/brigade-github-app/v2/internal/webhook/github.go:309.2,313.16 4 0
github.com/brigadecore/brigade-github-app/v2/internal/webhook/github.go:317.2,319.52 2 0
github.com/brigadecore/brigade-github-app/v2/internal/webhook/github.go:249.31,257.32 2 0
github.com/brigadecore/brigade-github-app/v2/internal/webhook/github.go:263.3,266.41 4 0
github.com/brigadecore/brigade-github-app/v2/internal/webhook/github.go:268.29,276.21 2 0
github.com/brigadecore/brigade-github-app/v2/internal/webhook/github.go:280.3,280.32 1 0
github.com/brigadecore/brigade-github-app/v2/internal/webhook/github.go:285.3,288.50 4 0
github.com/brigadecore/brigade-github-app/v2/internal/webhook/github.go:257.32,260.4 2 0
github.com/brigadecore/brigade-github-app/v2/internal/webhook/github.go:276.21,278.4 1 0
github.com/brigadecore/brigade-github-app/v2/internal/webhook/github.go:280.32,283.4 2 0
github.com/brigadecore/brigade-github-app/v2/internal/webhook/github.go:292.16,295.3 2 0
github.com/brigadecore/brigade-github-app/v2/internal/webhook/github.go:304.16,308.3 3 0
github.com/brigadecore/brigade-github-app/v2/internal/webhook/github.go:313.16,315.3 1 0
github.com/brigadecore/brigade-github-app/v2/internal/webhook/github.go:336.3,343.27 6 4
github.com/brigadecore/brigade-github-app/v2/internal/webhook/github.go:354.2,355.16 2 4
github.com/brigadecore/brigade-github-app/v2/internal/webhook/github.go:360.2,361.16 2 4
github.com/brigadecore/brigade-github-app/v2/internal/webhook/github.go:383.2,383.19 1 4
github.com/brigadecore/brigade-github-app/v2/internal/webhook/github.go:387.2,389.52 2 4
github.com/brigadecore/brigade-github-app/v2/internal/webhook/github.go:344.33,347.30 3 4
github.com/brigadecore/brigade-github-app/v2/internal/webhook/github.go:348.10,351.9 3 0
github.com/brigadecore/brigade-github-app/v2/internal/webhook/github.go:355.16,358.3 2 0
github.com/brigadecore/brigade-github-app/v2/internal/webhook/github.go:361.16,366.48 2 4
github.com/brigadecore/brigade-github-app/v2/internal/webhook/github.go:366.48,369.33 1 3
github.com/brigadecore/brigade-github-app/v2/internal/webhook/github.go:369.33,372.79 1 2
github.com/brigadecore/brigade-github-app/v2/internal/webhook/github.go:372.79,374.6 1 1
github.com/brigadecore/brigade-github-app/v2/internal/webhook/github.go:374.11,376.6 1 1
github.com/brigadecore/brigade-github-app/v2/internal/webhook/github.go:383.19,385.3 1 3
github.com/brigadecore/brigade-github-app/v2/internal/webhook/github.go:397.177,408.16 4 0
github.com/brigadecore/brigade-github-app/v2/internal/webhook/github.go:414.2,415.16 2 0
github.com/brigadecore/brigade-github-app/v2/internal/webhook/github.go:422.2,443.16 5 0
github.com/brigadecore/brigade-github-app/v2/internal/webhook/github.go:447.2,447.21 1 0
github.com/brigadecore/brigade-github-app/v2/internal/webhook/github.go:408.16,412.3 3 0
github.com/brigadecore/brigade-github-app/v2/internal/webhook/github.go:415.16,419.3 2 0
github.com/brigadecore/brigade-github-app/v2/internal/webhook/github.go:443.16,445.3 1 0
github.com/brigadecore/brigade-github-app/v2/internal/webhook/github.go:452.110,454.16 2 15
github.com/brigadecore/brigade-github-app/v2/internal/webhook/github.go:459.2,460.24 2 15
github.com/brigadecore/brigade-github-app/v2/internal/webhook/github.go:463.2,463.24 1 15
github.com/brigadecore/brigade-github-app/v2/internal/webhook/github.go:468.2,469.73 2 15
github.com/brigadecore/brigade-github-app/v2/internal/webhook/github.go:473.2,473.18 1 15
github.com/brigadecore/brigade-github-app/v2/internal/webhook/github.go:454.16,457.3 2 0
github.com/brigadecore/brigade-github-app/v2/internal/webhook/github.go:460.24,462.3 1 0
github.com/brigadecore/brigade-github-app/v2/internal/webhook/github.go:463.24,466.3 2 0
github.com/brigadecore/brigade-github-app/v2/internal/webhook/github.go:469.73,472.3 2 0
github.com/brigadecore/brigade-github-app/v2/internal/webhook/github.go:478.74,482.16 3 0
github.com/brigadecore/brigade-github-app/v2/internal/webhook/github.go:486.2,489.16 3 0
github.com/brigadecore/brigade-github-app/v2/internal/webhook/github.go:494.2,494.21 1 0
github.com/brigadecore/brigade-github-app/v2/internal/webhook/github.go:482.16,485.3 2 0
github.com/brigadecore/brigade-github-app/v2/internal/webhook/github.go:489.16,492.3 2 0
github.com/brigadecore/brigade-github-app/v2/internal/webhook/github.go:507.3,511.18 2 15
github.com/brigadecore/brigade-github-app/v2/internal/webhook/github.go:511.18,520.3 1 10
github.com/brigadecore/brigade-github-app/v2/internal/webhook/github.go:524.156,532.16 3 0
github.com/brigadecore/brigade-github-app/v2/internal/webhook/github.go:537.2,538.28 2 0
github.com/brigadecore/brigade-github-app/v2/internal/webhook/github.go:542.2,545.16 3 0
github.com/brigadecore/brigade-github-app/v2/internal/webhook/github.go:549.2,549.38 1 0
github.com/brigadecore/brigade-github-app/v2/internal/webhook/github.go:554.2,554.25 1 0
github.com/brigadecore/brigade-github-app/v2/internal/webhook/github.go:532.16,535.3 2 0
github.com/brigadecore/brigade-github-app/v2/internal/webhook/github.go:538.28,541.3 2 0
github.com/brigadecore/brigade-github-app/v2/internal/webhook/github.go:545.16,548.3 2 0
github.com/brigadecore/brigade-github-app/v2/internal/webhook/github.go:549.38,552.3 2 0
github.com/brigadecore/brigade-github-app/v2/internal/webhook/github.go:571.112,585.16 7 0
github.com/brigadecore/brigade-github-app/v2/internal/webhook/github.go:590.2,591.28 2 0
github.com/brigadecore/brigade-github-app/v2/internal/webhook/github.go:595.2,603.16 5 0
github.com/brigadecore/brigade-github-app/v2/internal/webhook/github.go:627.2,631.12 3 0
github.com/brigadecore/brigade-github-app/v2/internal/webhook/github.go:585.16,588.3 2 0
github.com/brigadecore/brigade-github-app/v2/internal/webhook/github.go:591.28,594.3 2 0
github.com/brigadecore/brigade-github-app/v2/internal/webhook/github.go:603.16,607.28 2 0
github.com/brigadecore/brigade-github-app/v2/internal/webhook/github.go:611.3,615.39 3 0
github.com/brigadecore/brigade-github-app/v2/internal/webhook/github.go:624.3,624.13 1 0
github.com/brigadecore/brigade-github-app/v2/internal/webhook/github.go:607.28,609.4 1 0
github.com/brigadecore/brigade-github-app/v2/internal/webhook/github.go:615.39,618.18 3 0
github.com/brigadecore/brigade-github-app/v2/internal/webhook/github.go:618.18,620.5 1 0
github.com/brigadecore/brigade-github-app/v2/internal/webhook/github.go:621.9,623.4 1 0
github.com/brigadecore/brigade-github-app/v2/internal/webhook/github.go:636.76,643.88 2 3
github.com/brigadecore/brigade-github-app/v2/internal/webhook/github.go:647.2,647.23 1 2
github.com/brigadecore/brigade-github-app/v2/internal/webhook/github.go:651.2,652.14 2 0
github.com/brigadecore/brigade-github-app/v2/internal/webhook/github.go:643.88,646.3 2 1
github.com/brigadecore/brigade-github-app/v2/internal/webhook/github.go:648.77,649.14 1 2
github.com/brigadecore/brigade-github-app/v2/internal/webhook/github.go:657.58,658.37 1 3
github.com/brigadecore/brigade-github-app/v2/internal/webhook/github.go:663.2,663.14 1 2
github.com/brigadecore/brigade-github-app/v2/internal/webhook/github.go:658.37,659.18 1 3
github.com/brigadecore/brigade-github-app/v2/internal/webhook/github.go:659.18,661.4 1 1
github.com/brigadecore/brigade-github-app/v2/internal/webhook/github.go:666.56,668.53 2 31
github.com/brigadecore/brigade-github-app/v2/internal/webhook/github.go:674.2,674.14 1 1
github.com/brigadecore/brigade-github-app/v2/internal/webhook/github.go:668.53,670.25 1 31
github.com/brigadecore/brigade-github-app/v2/internal/webhook/github.go:670.25,672.4 1 30
github.com/brigadecore/brigade-github-app/v2/internal/webhook/github.go:685.9,686.30 1 25
github.com/brigadecore/brigade-github-app/v2/internal/webhook/github.go:689.2,698.31 2 25
github.com/brigadecore/brigade-github-app/v2/internal/webhook/github.go:686.30,688.3 1 0
github.com/brigadecore/brigade-github-app/v2/internal/webhook/github.go:702.75,704.69 2 15
github.com/brigadecore/brigade-github-app/v2/internal/webhook/github.go:708.2,708.12 1 15
github.com/brigadecore/brigade-github-app/v2/internal/webhook/github.go:704.69,707.3 2 0
github.com/brigadecore/brigade-github-app/v2/internal/webhook/github.go:711.68,713.32 2 1
github.com/brigadecore/brigade-github-app/v2/internal/webhook/github.go:724.2,724.30 1 1
github.com/brigadecore/brigade-github-app/v2/internal/webhook/github.go:713.32,715.72 1 1
github.com/brigadecore/brigade-github-app/v2/internal/webhook/github.go:715.72,718.4 2 1
github.com/brigadecore/brigade-github-app/v2/internal/webhook/github.go:718.9,719.69 1 0
github.com/brigadecore/brigade-github-app/v2/internal/webhook/github.go:719.69,722.4 2 0
github.com/brigadecore/brigade-github-app/v2/internal/webhook/github.go:727.63,729.41 2 4
github.com/brigadecore/brigade-github-app/v2/internal/webhook/github.go:735.2,735.30 1 4
github.com/brigadecore/brigade-github-app/v2/internal/webhook/github.go:729.41,731.25 2 4
github.com/brigadecore/brigade-github-app/v2/internal/webhook/github.go:731.25,733.4 1 4
github.com/brigadecore/brigade-github-app/v2/internal/webhook/github.go:738.63,740.35 2 4
github.com/brigadecore/brigade-github-app/v2/internal/webhook/github.go:746.2,746.30 1 4
github.com/brigadecore/brigade-github-app/v2/internal/webhook/github.go:740.35,742.22 2 4
github.com/brigadecore/brigade-github-app/v2/internal/webhook/github.go:742.22,744.4 1 4
github.com/brigadecore/brigade-github-app/v2/gateway/config.go:8.80,11.16 3 3
github.com/brigadecore/brigade-github-app/v2/gateway/config.go:14.2,15.16 2 2
github.com/brigadecore/brigade-github-app/v2/gateway/config.go:18.2,20.34 2 1
github.com/brigadecore/brigade-github-app/v2/gateway/config.go:11.16,13.3 1 1
github.com/brigadecore/brigade-github-app/v2/gateway/config.go:15.16,17.3 1 1
github.com/brigadecore/brigade-github-app/v2/gateway/main.go:39.13,47.2 7 1
github.com/brigadecore/brigade-github-app/v2/gateway/main.go:49.13,52.23 2 0
github.com/brigadecore/brigade-github-app/v2/gateway/main.go:57.2,58.16 2 0
github.com/brigadecore/brigade-github-app/v2/gateway/main.go:63.2,63.30 1 0
github.com/brigadecore/brigade-github-app/v2/gateway/main.go:71.2,71.29 1 0
github.com/brigadecore/brigade-github-app/v2/gateway/main.go:75.2,75.29 1 0
github.com/brigadecore/brigade-github-app/v2/gateway/main.go:83.2,83.54 1 0
github.com/brigadecore/brigade-github-app/v2/gateway/main.go:97.2,97.51 1 0
github.com/brigadecore/brigade-github-app/v2/gateway/main.go:110.2,118.16 3 0
github.com/brigadecore/brigade-github-app/v2/gateway/main.go:123.2,124.2 2 0
github.com/brigadecore/brigade-github-app/v2/gateway/main.go:132.2,138.2 5 0
github.com/brigadecore/brigade-github-app/v2/gateway/main.go:162.2,165.34 3 0
github.com/brigadecore/brigade-github-app/v2/gateway/main.go:52.23,55.3 2 0
github.com/brigadecore/brigade-github-app/v2/gateway/main.go:58.16,61.3 2 0
github.com/brigadecore/brigade-github-app/v2/gateway/main.go:63.30,64.52 1 0
github.com/brigadecore/brigade-github-app/v2/gateway/main.go:64.52,66.4 1 0
github.com/brigadecore/brigade-github-app/v2/gateway/main.go:66.9,68.4 1 0
github.com/brigadecore/brigade-github-app/v2/gateway/main.go:71.29,73.3 1 0
github.com/brigadecore/brigade-github-app/v2/gateway/main.go:75.29,76.51 1 0
github.com/brigadecore/brigade-github-app/v2/gateway/main.go:76.51,78.4 1 0
github.com/brigadecore/brigade-github-app/v2/gateway/main.go:78.9,80.4 1 0
github.com/brigadecore/brigade-github-app/v2/gateway/main.go:83.54,85.10 2 0
github.com/brigadecore/brigade-github-app/v2/gateway/main.go:89.3,90.17 2 0
github.com/brigadecore/brigade-github-app/v2/gateway/main.go:94.3,94.17 1 0
github.com/brigadecore/brigade-github-app/v2/gateway/main.go:85.10,87.4 1 0
github.com/brigadecore/brigade-github-app/v2/gateway/main.go:90.17,92.4 1 0
github.com/brigadecore/brigade-github-app/v2/gateway/main.go:97.51,99.10 2 0
github.com/brigadecore/brigade-github-app/v2/gateway/main.go:103.3,104.17 2 0
github.com/brigadecore/brigade-github-app/v2/gateway/main.go:107.3,107.17 1 0
github.com/brigadecore/brigade-github-app/v2/gateway/main.go:99.10,101.4 1 0
github.com/brigadecore/brigade-github-app/v2/gateway/main.go:104.17,106.4 1 0
github.com/brigadecore/brigade-github-app/v2/gateway/main.go:118.16,120.3 1 0
github.com/brigadecore/brigade-github-app/v2/gateway/main.go:124.2,126.17 2 0
github.com/brigadecore/brigade-github-app/v2/gateway/main.go:129.3,129.61 1 0
github.com/brigadecore/brigade-github-app/v2/gateway/main.go:126.17,128.4 1 0
github.com/brigadecore/brigade-github-app/v2/gateway/main.go:138.2,160.3 3 0
github.com/brigadecore/brigade-github-app/v2/gateway/main.go:168.32,169.53 1 1
github.com/brigadecore/brigade-github-app/v2/gateway/main.go:172.2,172.28 1 1
github.com/brigadecore/brigade-github-app/v2/gateway/main.go:169.53,171.3 1 0
github.com/brigadecore/brigade-github-app/v2/gateway/main.go:175.34,176.58 1 1
github.com/brigadecore/brigade-github-app/v2/gateway/main.go:179.2,179.15 1 1
github.com/brigadecore/brigade-github-app/v2/gateway/main.go:176.58,178.3 1 0
github.com/brigadecore/brigade-github-app/v2/gateway/main.go:182.30,184.2 1 0
github.com/brigadecore/brigade-github-app/v2/gateway/main.go:188.43,189.47 1 1
github.com/brigadecore/brigade-github-app/v2/gateway/main.go:192.2,192.12 1 1
github.com/brigadecore/brigade-github-app/v2/gateway/main.go:189.47,191.3 1 3
github.com/brigadecore/brigade-github-app/v2/gateway/main.go:195.35,197.2 1 2
github.com/brigadecore/brigade-github-app/v2/gateway/main.go:201.42,202.47 1 0
github.com/brigadecore/brigade-github-app/v2/gateway/main.go:205.2,205.12 1 0
github.com/brigadecore/brigade-github-app/v2/gateway/main.go:202.47,204.3 1 0
github.com/brigadecore/brigade-github-app/v2/gateway/main.go:208.34,210.2 1 1
